TgCrypto is missing! Pyrogram will work the same, but at a much slower speed. More info: https://docs.pyrogram.org/topics/speedups
INFO:     Started server process [3360]
INFO:     Waiting for application startup.
2026-06-26 14:40:47,160 - httpx - INFO - HTTP Request: POST https://api.telegram.org/bot8694662365:AAE7aWgqGOwlJKj2ZSHJLDijjSQBpkSxflI/getMe "HTTP/1.1 200 OK"
2026-06-26 14:40:47,162 - apscheduler.scheduler - INFO - Scheduler started
2026-06-26 14:40:47,162 - telegram.ext.Application - INFO - Application started
2026-06-26 14:40:47,393 - httpx - INFO - HTTP Request: POST https://api.telegram.org/bot8694662365:AAE7aWgqGOwlJKj2ZSHJLDijjSQBpkSxflI/deleteWebhook "HTTP/1.1 200 OK"
2026-06-26 14:40:47,395 - __main__ - INFO - Bot started polling
2026-06-26 14:40:47,878 - pyrogram.session.auth - INFO - Start creating a new auth key on DC2
2026-06-26 14:40:47,880 - pyrogram.connection.connection - INFO - Connecting...
2026-06-26 14:40:48,090 - pyrogram.connection.connection - INFO - Connected! Production DC2 - IPv4
2026-06-26 14:40:50,542 - pyrogram.session.auth - INFO - Done auth key exchange: DhGenOk
2026-06-26 14:40:50,544 - pyrogram.connection.connection - INFO - Disconnected
2026-06-26 14:40:50,549 - pyrogram.connection.connection - INFO - Connecting...
2026-06-26 14:40:50,857 - pyrogram.connection.connection - INFO - Connected! Production DC2 - IPv4
2026-06-26 14:40:50,859 - pyrogram.session.session - INFO - NetworkTask started
2026-06-26 14:40:52,472 - pyrogram.session.session - INFO - Session initialized: Layer 158
2026-06-26 14:40:52,472 - pyrogram.session.session - INFO - Device: CPython 3.12.10 - Pyrogram 2.0.106
2026-06-26 14:40:52,472 - pyrogram.session.session - INFO - System: Windows 11 (en)
2026-06-26 14:40:52,473 - pyrogram.session.session - INFO - Session started
2026-06-26 14:40:52,474 - pyrogram.session.session - INFO - PingTask started
2026-06-26 14:40:52,791 - pyrogram.session.session - INFO - PingTask stopped
2026-06-26 14:40:52,792 - pyrogram.session.session - INFO - NetworkTask stopped
2026-06-26 14:40:52,792 - pyrogram.connection.connection - INFO - Disconnected
2026-06-26 14:40:52,793 - pyrogram.session.session - INFO - Session stopped
2026-06-26 14:40:52,797 - pyrogram.session.auth - INFO - Start creating a new auth key on DC5
2026-06-26 14:40:52,797 - pyrogram.connection.connection - INFO - Connecting...
2026-06-26 14:40:52,865 - pyrogram.connection.connection - INFO - Connected! Production DC5 - IPv4
2026-06-26 14:40:54,416 - pyrogram.session.auth - INFO - Done auth key exchange: DhGenOk
2026-06-26 14:40:54,416 - pyrogram.connection.connection - INFO - Disconnected
2026-06-26 14:40:54,421 - pyrogram.connection.connection - INFO - Connecting...
2026-06-26 14:40:54,547 - pyrogram.connection.connection - INFO - Connected! Production DC5 - IPv4
2026-06-26 14:40:54,548 - pyrogram.session.session - INFO - NetworkTask started
2026-06-26 14:40:55,132 - pyrogram.session.session - INFO - Session initialized: Layer 158
2026-06-26 14:40:55,133 - pyrogram.session.session - INFO - Device: CPython 3.12.10 - Pyrogram 2.0.106
2026-06-26 14:40:55,133 - pyrogram.session.session - INFO - System: Windows 11 (en)
2026-06-26 14:40:55,133 - pyrogram.session.session - INFO - Session started
2026-06-26 14:40:55,134 - pyrogram.session.session - INFO - PingTask started
2026-06-26 14:40:55,942 - pyrogram.dispatcher - INFO - Started 16 HandlerTasks
2026-06-26 14:40:55,943 - __main__ - INFO - Pyrogram client started
INFO:     Application startup complete.
INFO:     Uvicorn running on http://0.0.0.0:8080 (Press CTRL+C to quit)
2026-06-26 14:40:58,763 - httpx - INFO - HTTP Request: POST https://api.telegram.org/bot8694662365:AAE7aWgqGOwlJKj2ZSHJLDijjSQBpkSxflI/getUpdates "HTTP/1.1 200 OK"
2026-06-26 14:41:09,058 - httpx - INFO - HTTP Request: POST https://api.telegram.org/bot8694662365:AAE7aWgqGOwlJKj2ZSHJLDijjSQBpkSxflI/getUpdates "HTTP/1.1 200 OK"
2026-06-26 14:41:19,302 - httpx - INFO - HTTP Request: POST https://api.telegram.org/bot8694662365:AAE7aWgqGOwlJKj2ZSHJLDijjSQBpkSxflI/getUpdates "HTTP/1.1 200 OK"
2026-06-26 14:41:29,606 - httpx - INFO - HTTP Request: POST https://api.telegram.org/bot8694662365:AAE7aWgqGOwlJKj2ZSHJLDijjSQBpkSxflI/getUpdates "HTTP/1.1 200 OK"
2026-06-26 14:41:39,820 - httpx - INFO - HTTP Request: POST https://api.telegram.org/bot8694662365:AAE7aWgqGOwlJKj2ZSHJLDijjSQBpkSxflI/getUpdates "HTTP/1.1 200 OK"
2026-06-26 14:41:49,004 - httpx - INFO - HTTP Request: POST https://api.telegram.org/bot8694662365:AAE7aWgqGOwlJKj2ZSHJLDijjSQBpkSxflI/getUpdates "HTTP/1.1 200 OK"
2026-06-26 14:41:49,207 - httpx - INFO - HTTP Request: POST https://api.telegram.org/bot8694662365:AAE7aWgqGOwlJKj2ZSHJLDijjSQBpkSxflI/getUpdates "HTTP/1.1 200 OK"
2026-06-26 14:41:50,258 - httpx - INFO - HTTP Request: POST https://api.telegram.org/bot8694662365:AAE7aWgqGOwlJKj2ZSHJLDijjSQBpkSxflI/sendMessage "HTTP/1.1 200 OK"
2026-06-26 14:41:50,738 - httpx - INFO - HTTP Request: POST https://api.telegram.org/bot8694662365:AAE7aWgqGOwlJKj2ZSHJLDijjSQBpkSxflI/sendMessage "HTTP/1.1 200 OK"
2026-06-26 14:41:57,456 - httpx - INFO - HTTP Request: POST https://api.telegram.org/bot8694662365:AAE7aWgqGOwlJKj2ZSHJLDijjSQBpkSxflI/getUpdates "HTTP/1.1 200 OK"
2026-06-26 14:41:58,448 - httpx - INFO - HTTP Request: POST https://api.telegram.org/bot8694662365:AAE7aWgqGOwlJKj2ZSHJLDijjSQBpkSxflI/sendMessage "HTTP/1.1 200 OK"
2026-06-26 14:41:58,890 - httpx - INFO - HTTP Request: POST https://api.telegram.org/bot8694662365:AAE7aWgqGOwlJKj2ZSHJLDijjSQBpkSxflI/sendMessage "HTTP/1.1 200 OK"
2026-06-26 14:42:03,559 - __main__ - ERROR - Stream error: cannot access local variable 'start' where it is not associated with a value
ERROR:    Exception in ASGI application
Traceback (most recent call last):
  File "C:\Users\abisl\AppData\Local\Programs\Python\Python312\Lib\site-packages\uvicorn\protocols\http\h11_impl.py", line 415, in run_asgi
    result = await app(  # type: ignore[func-returns-value]
             ^^^^^^^^^^^^^^^^^^^^^^^^^^^^^^^^^^^^^^^^^^^^^^
  File "C:\Users\abisl\AppData\Local\Programs\Python\Python312\Lib\site-packages\uvicorn\middleware\proxy_headers.py", line 62, in __call__
    return await self.app(scope, receive, send)
           ^^^^^^^^^^^^^^^^^^^^^^^^^^^^^^^^^^^^
  File "C:\Users\abisl\AppData\Local\Programs\Python\Python312\Lib\site-packages\fastapi\applications.py", line 1163, in __call__
    await super().__call__(scope, receive, send)
  File "C:\Users\abisl\AppData\Local\Programs\Python\Python312\Lib\site-packages\starlette\applications.py", line 90, in __call__
    await self.middleware_stack(scope, receive, send)
  File "C:\Users\abisl\AppData\Local\Programs\Python\Python312\Lib\site-packages\starlette\middleware\errors.py", line 186, in __call__
    raise exc
  File "C:\Users\abisl\AppData\Local\Programs\Python\Python312\Lib\site-packages\starlette\middleware\errors.py", line 164, in __call__
    await self.app(scope, receive, _send)
  File "C:\Users\abisl\AppData\Local\Programs\Python\Python312\Lib\site-packages\starlette\middleware\exceptions.py", line 63, in __call__
    await wrap_app_handling_exceptions(self.app, conn)(scope, receive, send)
  File "C:\Users\abisl\AppData\Local\Programs\Python\Python312\Lib\site-packages\starlette\_exception_handler.py", line 53, in wrapped_app
    raise exc
  File "C:\Users\abisl\AppData\Local\Programs\Python\Python312\Lib\site-packages\starlette\_exception_handler.py", line 42, in wrapped_app
    await app(scope, receive, sender)
  File "C:\Users\abisl\AppData\Local\Programs\Python\Python312\Lib\site-packages\fastapi\middleware\asyncexitstack.py", line 18, in __call__
    await self.app(scope, receive, send)
  File "C:\Users\abisl\AppData\Local\Programs\Python\Python312\Lib\site-packages\starlette\routing.py", line 660, in __call__
    await self.middleware_stack(scope, receive, send)
  File "C:\Users\abisl\AppData\Local\Programs\Python\Python312\Lib\site-packages\fastapi\routing.py", line 2531, in app
    await route.handle(scope, receive, send)
  File "C:\Users\abisl\AppData\Local\Programs\Python\Python312\Lib\site-packages\fastapi\routing.py", line 1241, in handle
    await super().handle(scope, receive, send)
  File "C:\Users\abisl\AppData\Local\Programs\Python\Python312\Lib\site-packages\starlette\routing.py", line 276, in handle
    await self.app(scope, receive, send)
  File "C:\Users\abisl\AppData\Local\Programs\Python\Python312\Lib\site-packages\fastapi\routing.py", line 150, in app
    await wrap_app_handling_exceptions(app, request)(scope, receive, send)
  File "C:\Users\abisl\AppData\Local\Programs\Python\Python312\Lib\site-packages\starlette\_exception_handler.py", line 53, in wrapped_app
    raise exc
  File "C:\Users\abisl\AppData\Local\Programs\Python\Python312\Lib\site-packages\starlette\_exception_handler.py", line 42, in wrapped_app
    await app(scope, receive, sender)
  File "C:\Users\abisl\AppData\Local\Programs\Python\Python312\Lib\site-packages\fastapi\routing.py", line 137, in app
    await response(scope, receive, send)
  File "C:\Users\abisl\AppData\Local\Programs\Python\Python312\Lib\site-packages\starlette\responses.py", line 273, in __call__
    async with create_collapsing_task_group() as task_group:
               ^^^^^^^^^^^^^^^^^^^^^^^^^^^^^^
  File "C:\Users\abisl\AppData\Local\Programs\Python\Python312\Lib\contextlib.py", line 217, in __aexit__
    await anext(self.gen)
  File "C:\Users\abisl\AppData\Local\Programs\Python\Python312\Lib\site-packages\starlette\_utils.py", line 93, in create_collapsing_task_group
    raise exc from exc.__cause__ or context
  File "C:\Users\abisl\AppData\Local\Programs\Python\Python312\Lib\site-packages\anyio\_core\_tasks.py", line 278, in _run_coro
    retval = await self._coro
             ^^^^^^^^^^^^^^^^
  File "C:\Users\abisl\AppData\Local\Programs\Python\Python312\Lib\site-packages\starlette\responses.py", line 276, in wrap
    await func()
  File "C:\Users\abisl\AppData\Local\Programs\Python\Python312\Lib\site-packages\starlette\responses.py", line 255, in stream_response
    await send({"type": "http.response.body", "body": b"", "more_body": False})
  File "C:\Users\abisl\AppData\Local\Programs\Python\Python312\Lib\site-packages\starlette\_exception_handler.py", line 39, in sender
    await send(message)
  File "C:\Users\abisl\AppData\Local\Programs\Python\Python312\Lib\site-packages\starlette\_exception_handler.py", line 39, in sender
    await send(message)
  File "C:\Users\abisl\AppData\Local\Programs\Python\Python312\Lib\site-packages\starlette\middleware\errors.py", line 161, in _send
    await send(message)
  File "C:\Users\abisl\AppData\Local\Programs\Python\Python312\Lib\site-packages\uvicorn\protocols\http\h11_impl.py", line 513, in send
    output = self.conn.send(event=h11.EndOfMessage())
             ^^^^^^^^^^^^^^^^^^^^^^^^^^^^^^^^^^^^^^^^
  File "C:\Users\abisl\AppData\Local\Programs\Python\Python312\Lib\site-packages\h11\_connection.py", line 538, in send
    data_list = self.send_with_data_passthrough(event)
                ^^^^^^^^^^^^^^^^^^^^^^^^^^^^^^^^^^^^^^
  File "C:\Users\abisl\AppData\Local\Programs\Python\Python312\Lib\site-packages\h11\_connection.py", line 571, in send_with_data_passthrough
    writer(event, data_list.append)
  File "C:\Users\abisl\AppData\Local\Programs\Python\Python312\Lib\site-packages\h11\_writers.py", line 67, in __call__
    self.send_eom(event.headers, write)
  File "C:\Users\abisl\AppData\Local\Programs\Python\Python312\Lib\site-packages\h11\_writers.py", line 96, in send_eom
    raise LocalProtocolError("Too little data for declared Content-Length")
h11._util.LocalProtocolError: Too little data for declared Content-Length
2026-06-26 14:42:03,867 - __main__ - ERROR - Stream error: cannot access local variable 'start' where it is not associated with a value
ERROR:    Exception in ASGI application
Traceback (most recent call last):
  File "C:\Users\abisl\AppData\Local\Programs\Python\Python312\Lib\site-packages\uvicorn\protocols\http\h11_impl.py", line 415, in run_asgi
    result = await app(  # type: ignore[func-returns-value]
             ^^^^^^^^^^^^^^^^^^^^^^^^^^^^^^^^^^^^^^^^^^^^^^
  File "C:\Users\abisl\AppData\Local\Programs\Python\Python312\Lib\site-packages\uvicorn\middleware\proxy_headers.py", line 62, in __call__
    return await self.app(scope, receive, send)
           ^^^^^^^^^^^^^^^^^^^^^^^^^^^^^^^^^^^^
  File "C:\Users\abisl\AppData\Local\Programs\Python\Python312\Lib\site-packages\fastapi\applications.py", line 1163, in __call__
    await super().__call__(scope, receive, send)
  File "C:\Users\abisl\AppData\Local\Programs\Python\Python312\Lib\site-packages\starlette\applications.py", line 90, in __call__
    await self.middleware_stack(scope, receive, send)
  File "C:\Users\abisl\AppData\Local\Programs\Python\Python312\Lib\site-packages\starlette\middleware\errors.py", line 186, in __call__
    raise exc
  File "C:\Users\abisl\AppData\Local\Programs\Python\Python312\Lib\site-packages\starlette\middleware\errors.py", line 164, in __call__
    await self.app(scope, receive, _send)
  File "C:\Users\abisl\AppData\Local\Programs\Python\Python312\Lib\site-packages\starlette\middleware\exceptions.py", line 63, in __call__
    await wrap_app_handling_exceptions(self.app, conn)(scope, receive, send)
  File "C:\Users\abisl\AppData\Local\Programs\Python\Python312\Lib\site-packages\starlette\_exception_handler.py", line 53, in wrapped_app
    raise exc
  File "C:\Users\abisl\AppData\Local\Programs\Python\Python312\Lib\site-packages\starlette\_exception_handler.py", line 42, in wrapped_app
    await app(scope, receive, sender)
  File "C:\Users\abisl\AppData\Local\Programs\Python\Python312\Lib\site-packages\fastapi\middleware\asyncexitstack.py", line 18, in __call__
    await self.app(scope, receive, send)
  File "C:\Users\abisl\AppData\Local\Programs\Python\Python312\Lib\site-packages\starlette\routing.py", line 660, in __call__
    await self.middleware_stack(scope, receive, send)
  File "C:\Users\abisl\AppData\Local\Programs\Python\Python312\Lib\site-packages\fastapi\routing.py", line 2531, in app
    await route.handle(scope, receive, send)
  File "C:\Users\abisl\AppData\Local\Programs\Python\Python312\Lib\site-packages\fastapi\routing.py", line 1241, in handle
    await super().handle(scope, receive, send)
  File "C:\Users\abisl\AppData\Local\Programs\Python\Python312\Lib\site-packages\starlette\routing.py", line 276, in handle
    await self.app(scope, receive, send)
  File "C:\Users\abisl\AppData\Local\Programs\Python\Python312\Lib\site-packages\fastapi\routing.py", line 150, in app
    await wrap_app_handling_exceptions(app, request)(scope, receive, send)
  File "C:\Users\abisl\AppData\Local\Programs\Python\Python312\Lib\site-packages\starlette\_exception_handler.py", line 53, in wrapped_app
    raise exc
  File "C:\Users\abisl\AppData\Local\Programs\Python\Python312\Lib\site-packages\starlette\_exception_handler.py", line 42, in wrapped_app
    await app(scope, receive, sender)
  File "C:\Users\abisl\AppData\Local\Programs\Python\Python312\Lib\site-packages\fastapi\routing.py", line 137, in app
    await response(scope, receive, send)
  File "C:\Users\abisl\AppData\Local\Programs\Python\Python312\Lib\site-packages\starlette\responses.py", line 273, in __call__
    async with create_collapsing_task_group() as task_group:
               ^^^^^^^^^^^^^^^^^^^^^^^^^^^^^^
  File "C:\Users\abisl\AppData\Local\Programs\Python\Python312\Lib\contextlib.py", line 217, in __aexit__
    await anext(self.gen)
  File "C:\Users\abisl\AppData\Local\Programs\Python\Python312\Lib\site-packages\starlette\_utils.py", line 93, in create_collapsing_task_group
    raise exc from exc.__cause__ or context
  File "C:\Users\abisl\AppData\Local\Programs\Python\Python312\Lib\site-packages\anyio\_core\_tasks.py", line 278, in _run_coro
    retval = await self._coro
             ^^^^^^^^^^^^^^^^
  File "C:\Users\abisl\AppData\Local\Programs\Python\Python312\Lib\site-packages\starlette\responses.py", line 276, in wrap
    await func()
  File "C:\Users\abisl\AppData\Local\Programs\Python\Python312\Lib\site-packages\starlette\responses.py", line 255, in stream_response
    await send({"type": "http.response.body", "body": b"", "more_body": False})
  File "C:\Users\abisl\AppData\Local\Programs\Python\Python312\Lib\site-packages\starlette\_exception_handler.py", line 39, in sender
    await send(message)
  File "C:\Users\abisl\AppData\Local\Programs\Python\Python312\Lib\site-packages\starlette\_exception_handler.py", line 39, in sender
    await send(message)
  File "C:\Users\abisl\AppData\Local\Programs\Python\Python312\Lib\site-packages\starlette\middleware\errors.py", line 161, in _send
    await send(message)
  File "C:\Users\abisl\AppData\Local\Programs\Python\Python312\Lib\site-packages\uvicorn\protocols\http\h11_impl.py", line 513, in send
    output = self.conn.send(event=h11.EndOfMessage())
             ^^^^^^^^^^^^^^^^^^^^^^^^^^^^^^^^^^^^^^^^
  File "C:\Users\abisl\AppData\Local\Programs\Python\Python312\Lib\site-packages\h11\_connection.py", line 538, in send
    data_list = self.send_with_data_passthrough(event)
                ^^^^^^^^^^^^^^^^^^^^^^^^^^^^^^^^^^^^^^
  File "C:\Users\abisl\AppData\Local\Programs\Python\Python312\Lib\site-packages\h11\_connection.py", line 571, in send_with_data_passthrough
    writer(event, data_list.append)
  File "C:\Users\abisl\AppData\Local\Programs\Python\Python312\Lib\site-packages\h11\_writers.py", line 67, in __call__
    self.send_eom(event.headers, write)
  File "C:\Users\abisl\AppData\Local\Programs\Python\Python312\Lib\site-packages\h11\_writers.py", line 96, in send_eom
    raise LocalProtocolError("Too little data for declared Content-Length")
h11._util.LocalProtocolError: Too little data for declared Content-Length
2026-06-26 14:42:07,751 - httpx - INFO - HTTP Request: POST https://api.telegram.org/bot8694662365:AAE7aWgqGOwlJKj2ZSHJLDijjSQBpkSxflI/getUpdates "HTTP/1.1 200 OK"
2026-06-26 14:42:18,035 - httpx - INFO - HTTP Request: POST https://api.telegram.org/bot8694662365:AAE7aWgqGOwlJKj2ZSHJLDijjSQBpkSxflI/getUpdates "HTTP/1.1 200 OK"
2026-06-26 14:42:28,324 - httpx - INFO - HTTP Request: POST https://api.telegram.org/bot8694662365:AAE7aWgqGOwlJKj2ZSHJLDijjSQBpkSxflI/getUpdates "HTTP/1.1 200 OK"
2026-06-26 14:42:38,538 - httpx - INFO - HTTP Request: POST https://api.telegram.org/bot8694662365:AAE7aWgqGOwlJKj2ZSHJLDijjSQBpkSxflI/getUpdates "HTTP/1.1 200 OK"
2026-06-26 14:42:48,768 - httpx - INFO - HTTP Request: POST https://api.telegram.org/bot8694662365:AAE7aWgqGOwlJKj2ZSHJLDijjSQBpkSxflI/getUpdates "HTTP/1.1 200 OK"
2026-06-26 14:42:59,061 - httpx - INFO - HTTP Request: POST https://api.telegram.org/bot8694662365:AAE7aWgqGOwlJKj2ZSHJLDijjSQBpkSxflI/getUpdates "HTTP/1.1 200 OK"
2026-06-26 14:43:09,265 - httpx - INFO - HTTP Request: POST https://api.telegram.org/bot8694662365:AAE7aWgqGOwlJKj2ZSHJLDijjSQBpkSxflI/getUpdates "HTTP/1.1 200 OK"
